<?xml version="1.0" encoding="UTF-8"?>
<testsuite name="com.jhooq.Jhooqk8s.JhooqK8sApplicationTests" tests="1" skipped="0" failures="0" errors="0" timestamp="2023-01-23T12:04:39" hostname="WKWZTJ8PCEUXAHB" time="0.936">
  <properties/>
  <testcase name="contextLoads()" classname="com.jhooq.Jhooqk8s.JhooqK8sApplicationTests" time="0.936"/>
  <system-out><![CDATA[17:34:33.058 [Test worker] DEBUG org.springframework.test.context.BootstrapUtils - Instantiating CacheAwareContextLoaderDelegate from class [org.springframework.test.context.cache.DefaultCacheAwareContextLoaderDelegate]
17:34:33.106 [Test worker] DEBUG org.springframework.test.context.BootstrapUtils - Instantiating BootstrapContext using constructor [public org.springframework.test.context.support.DefaultBootstrapContext(java.lang.Class,org.springframework.test.context.CacheAwareContextLoaderDelegate)]
17:34:33.191 [Test worker] DEBUG org.springframework.test.context.BootstrapUtils - Instantiating TestContextBootstrapper for test class [com.jhooq.Jhooqk8s.JhooqK8sApplicationTests] from class [org.springframework.boot.test.context.SpringBootTestContextBootstrapper]
17:34:33.249 [Test worker] INFO org.springframework.boot.test.context.SpringBootTestContextBootstrapper - Neither @ContextConfiguration nor @ContextHierarchy found for test class [com.jhooq.Jhooqk8s.JhooqK8sApplicationTests], using SpringBootContextLoader
17:34:33.275 [Test worker] DEBUG org.springframework.test.context.support.AbstractContextLoader - Did not detect default resource location for test class [com.jhooq.Jhooqk8s.JhooqK8sApplicationTests]: class path resource [com/jhooq/Jhooqk8s/JhooqK8sApplicationTests-context.xml] does not exist
17:34:33.276 [Test worker] DEBUG org.springframework.test.context.support.AbstractContextLoader - Did not detect default resource location for test class [com.jhooq.Jhooqk8s.JhooqK8sApplicationTests]: class path resource [com/jhooq/Jhooqk8s/JhooqK8sApplicationTestsContext.groovy] does not exist
17:34:33.277 [Test worker] INFO org.springframework.test.context.support.AbstractContextLoader - Could not detect default resource locations for test class [com.jhooq.Jhooqk8s.JhooqK8sApplicationTests]: no resource found for suffixes {-context.xml, Context.groovy}.
17:34:33.279 [Test worker] INFO org.springframework.test.context.support.AnnotationConfigContextLoaderUtils - Could not detect default configuration classes for test class [com.jhooq.Jhooqk8s.JhooqK8sApplicationTests]: JhooqK8sApplicationTests does not declare any static, non-private, non-final, nested classes annotated with @Configuration.
17:34:33.379 [Test worker] DEBUG org.springframework.test.context.support.ActiveProfilesUtils - Could not find an 'annotation declaring class' for annotation type [org.springframework.test.context.ActiveProfiles] and class [com.jhooq.Jhooqk8s.JhooqK8sApplicationTests]
17:34:33.592 [Test worker] DEBUG org.springframework.context.annotation.ClassPathScanningCandidateComponentProvider - Identified candidate component class: file [C:\Users\rohpadia\Desktop\k8s-jenkins-aws-main\build\classes\java\main\com\jhooq\Jhooqk8s\JhooqDockerDemo.class]
17:34:33.594 [Test worker] INFO org.springframework.boot.test.context.SpringBootTestContextBootstrapper - Found @SpringBootConfiguration com.jhooq.Jhooqk8s.JhooqDockerDemo for test class com.jhooq.Jhooqk8s.JhooqK8sApplicationTests
17:34:33.859 [Test worker] DEBUG org.springframework.boot.test.context.SpringBootTestContextBootstrapper - @TestExecutionListeners is not present for class [com.jhooq.Jhooqk8s.JhooqK8sApplicationTests]: using defaults.
17:34:33.861 [Test worker] INFO org.springframework.boot.test.context.SpringBootTestContextBootstrapper - Loaded default TestExecutionListener class names from location [META-INF/spring.factories]: [org.springframework.boot.test.autoconfigure.restdocs.RestDocsTestExecutionListener, org.springframework.boot.test.autoconfigure.web.client.MockRestServiceServerResetTestExecutionListener, org.springframework.boot.test.autoconfigure.web.servlet.MockMvcPrintOnlyOnFailureTestExecutionListener, org.springframework.boot.test.autoconfigure.web.servlet.WebDriverTestExecutionListener, org.springframework.boot.test.mock.mockito.MockitoTestExecutionListener, org.springframework.boot.test.mock.mockito.ResetMocksTestExecutionListener, org.springframework.test.context.web.ServletTestExecutionListener, org.springframework.test.context.support.DirtiesContextBeforeModesTestExecutionListener, org.springframework.test.context.support.DependencyInjectionTestExecutionListener, org.springframework.test.context.support.DirtiesContextTestExecutionListener, org.springframework.test.context.transaction.TransactionalTestExecutionListener, org.springframework.test.context.jdbc.SqlScriptsTestExecutionListener, org.springframework.test.context.event.EventPublishingTestExecutionListener]
17:34:33.886 [Test worker] DEBUG org.springframework.boot.test.context.SpringBootTestContextBootstrapper - Skipping candidate TestExecutionListener [org.springframework.test.context.transaction.TransactionalTestExecutionListener] due to a missing dependency. Specify custom listener classes or make the default listener classes and their required dependencies available. Offending class: [org/springframework/transaction/interceptor/TransactionAttributeSource]
17:34:33.890 [Test worker] DEBUG org.springframework.boot.test.context.SpringBootTestContextBootstrapper - Skipping candidate TestExecutionListener [org.springframework.test.context.jdbc.SqlScriptsTestExecutionListener] due to a missing dependency. Specify custom listener classes or make the default listener classes and their required dependencies available. Offending class: [org/springframework/transaction/interceptor/TransactionAttribute]
17:34:33.892 [Test worker] INFO org.springframework.boot.test.context.SpringBootTestContextBootstrapper - Using TestExecutionListeners: [org.springframework.test.context.web.ServletTestExecutionListener@3705290a, org.springframework.test.context.support.DirtiesContextBeforeModesTestExecutionListener@3416298, org.springframework.boot.test.mock.mockito.MockitoTestExecutionListener@1fbd8ffe, org.springframework.boot.test.autoconfigure.SpringBootDependencyInjectionTestExecutionListener@7faff7d8, org.springframework.test.context.support.DirtiesContextTestExecutionListener@617cdc5e, org.springframework.test.context.event.EventPublishingTestExecutionListener@6921274b, org.springframework.boot.test.autoconfigure.restdocs.RestDocsTestExecutionListener@1a9097ee, org.springframework.boot.test.autoconfigure.web.client.MockRestServiceServerResetTestExecutionListener@1a01b253, org.springframework.boot.test.autoconfigure.web.servlet.MockMvcPrintOnlyOnFailureTestExecutionListener@1d181361, org.springframework.boot.test.autoconfigure.web.servlet.WebDriverTestExecutionListener@7d6374f6, org.springframework.boot.test.mock.mockito.ResetMocksTestExecutionListener@63d2b353]
17:34:33.904 [Test worker] DEBUG org.springframework.test.context.support.AbstractDirtiesContextTestExecutionListener - Before test class: context [DefaultTestContext@4031dbbd testClass = JhooqK8sApplicationTests, testInstance = [null], testMethod = [null], testException = [null], mergedContextConfiguration = [WebMergedContextConfiguration@7f75b5b6 testClass = JhooqK8sApplicationTests, locations = '{}', classes = '{class com.jhooq.Jhooqk8s.JhooqDockerDemo}', contextInitializerClasses = '[]', activeProfiles = '{}', propertySourceLocations = '{}', propertySourceProperties = '{org.springframework.boot.test.context.SpringBootTestContextBootstrapper=true}', contextCustomizers = set[org.springframework.boot.test.autoconfigure.properties.PropertyMappingContextCustomizer@0, org.springframework.boot.test.autoconfigure.web.servlet.WebDriverContextCustomizerFactory$Customizer@20933766, org.springframework.boot.test.context.filter.ExcludeFilterContextCustomizer@741f3a3e, org.springframework.boot.test.json.DuplicateJsonObjectContextCustomizerFactory$DuplicateJsonObjectContextCustomizer@4785f7ae, org.springframework.boot.test.mock.mockito.MockitoContextCustomizer@0, org.springframework.boot.test.web.client.TestRestTemplateContextCustomizer@3166d027, org.springframework.boot.test.context.SpringBootTestArgs@1], resourceBasePath = 'src/main/webapp', contextLoader = 'org.springframework.boot.test.context.SpringBootContextLoader', parent = [null]], attributes = map['org.springframework.test.context.web.ServletTestExecutionListener.activateListener' -> true]], class annotated with @DirtiesContext [false] with mode [null].
17:34:33.972 [Test worker] DEBUG org.springframework.test.context.support.TestPropertySourceUtils - Adding inlined properties to environment: {spring.jmx.enabled=false, org.springframework.boot.test.context.SpringBootTestContextBootstrapper=true, server.port=-1}

  .   ____          _            __ _ _
 /\\ / ___'_ __ _ _(_)_ __  __ _ \ \ \ \
( ( )\___ | '_ | '_| | '_ \/ _` | \ \ \ \
 \\/  ___)| |_)| | | | | || (_| |  ) ) ) )
  '  |____| .__|_| |_|_| |_\__, | / / / /
 =========|_|==============|___/=/_/_/_/
 :: Spring Boot ::        (v2.2.7.RELEASE)

2023-01-23 17:34:34.874  INFO 26652 --- [    Test worker] c.j.Jhooqk8s.JhooqK8sApplicationTests    : Starting JhooqK8sApplicationTests on WKWZTJ8pceuxAhB with PID 26652 (started by rohpadia in C:\Users\rohpadia\Desktop\k8s-jenkins-aws-main)
2023-01-23 17:34:34.879  INFO 26652 --- [    Test worker] c.j.Jhooqk8s.JhooqK8sApplicationTests    : No active profile set, falling back to default profiles: default
2023-01-23 17:34:38.390  INFO 26652 --- [    Test worker] o.s.s.concurrent.ThreadPoolTaskExecutor  : Initializing ExecutorService 'applicationTaskExecutor'
2023-01-23 17:34:39.142  INFO 26652 --- [    Test worker] c.j.Jhooqk8s.JhooqK8sApplicationTests    : Started JhooqK8sApplicationTests in 5.139 seconds (JVM running for 9.948)
]]></system-out>
  <system-err><![CDATA[]]></system-err>
</testsuite>
